[11Apr2026 04:26:59.527] [main/INFO] [cpw.mods.modlauncher.Launcher/MODLAUNCHER]: ModLauncher running: args [--launchTarget, forgeclientuserdev, --version, MOD_DEV, --assetIndex, 5, --assetsDir, C:\Users\egecr\.gradle\caches\forge_gradle\assets, --gameDir, ., --fml.forgeVersion, 47.4.18, --fml.mcVersion, 1.20.1, --fml.forgeGroup, net.minecraftforge, --fml.mcpVersion, 20230612.114412, --mixin.config, linggango_tweaks.mixins.json]
[11Apr2026 04:26:59.535] [main/INFO] [cpw.mods.modlauncher.Launcher/MODLAUNCHER]: ModLauncher 10.0.9+10.0.9+main.dcd20f30 starting: java version 17.0.18 by Eclipse Adoptium; OS Windows 11 arch amd64 version 10.0
[11Apr2026 04:26:59.639] [main/INFO] [net.minecraftforge.fml.loading.ImmediateWindowHandler/]: Loading ImmediateWindowProvider fmlearlywindow
[11Apr2026 04:26:59.694] [main/INFO] [EARLYDISPLAY/]: Trying GL version 4.6
[11Apr2026 04:26:59.777] [main/INFO] [EARLYDISPLAY/]: Requested GL version 4.6 got version 4.6
[11Apr2026 04:26:59.842] [main/INFO] [mixin/]: SpongePowered MIXIN Subsystem Version=0.8.5 Source=union:/C:/Users/egecr/.gradle/caches/modules-2/files-2.1/org.spongepowered/mixin/0.8.5/9d1c0c3a304ae6697ecd477218fa61b850bf57fc/mixin-0.8.5.jar%23128!/ Service=ModLauncher Env=CLIENT
[11Apr2026 04:26:59.879] [pool-2-thread-1/INFO] [EARLYDISPLAY/]: GL info: AMD Radeon RX 9070 XT GL version 4.6.0 Core Profile Context 26.3.1.260309, ATI Technologies Inc.
[11Apr2026 04:27:00.079] [main/WARN] [net.minecraftforge.fml.loading.moddiscovery.ModFileParser/LOADING]: Mod file C:\Users\egecr\.gradle\caches\modules-2\files-2.1\net.minecraftforge\javafmllanguage\1.20.1-47.4.18\b526bd87f2544dda5b1348fb2a5047f230e5e679\javafmllanguage-1.20.1-47.4.18.jar is missing mods.toml file
[11Apr2026 04:27:00.081] [main/WARN] [net.minecraftforge.fml.loading.moddiscovery.ModFileParser/LOADING]: Mod file C:\Users\egecr\.gradle\caches\modules-2\files-2.1\net.minecraftforge\lowcodelanguage\1.20.1-47.4.18\312c78291744fbc826551ff8431a9c42e26493f3\lowcodelanguage-1.20.1-47.4.18.jar is missing mods.toml file
[11Apr2026 04:27:00.082] [main/WARN] [net.minecraftforge.fml.loading.moddiscovery.ModFileParser/LOADING]: Mod file C:\Users\egecr\.gradle\caches\modules-2\files-2.1\net.minecraftforge\mclanguage\1.20.1-47.4.18\f6a2d32cb3b5b54788432adafe8b11c99abaf7bd\mclanguage-1.20.1-47.4.18.jar is missing mods.toml file
[11Apr2026 04:27:00.084] [main/WARN] [net.minecraftforge.fml.loading.moddiscovery.ModFileParser/LOADING]: Mod file C:\Users\egecr\.gradle\caches\modules-2\files-2.1\net.minecraftforge\fmlcore\1.20.1-47.4.18\942bd5bf4be190a3681fa76f09d9c14e2434adf9\fmlcore-1.20.1-47.4.18.jar is missing mods.toml file
[11Apr2026 04:27:00.478] [main/INFO] [net.minecraftforge.fml.loading.moddiscovery.JarInJarDependencyLocator/]: Found 16 dependencies adding them to mods collection
[11Apr2026 04:27:00.524] [main/ERROR] [net.minecraftforge.fml.loading.ModSorter/LOADING]: Missing or unsupported mandatory dependencies:
	Mod ID: 'ending_library', Requested by: 'revelationfix', Expected range: '[2.0,)', Actual version: '[MISSING]'
	Mod ID: 'patchouli', Requested by: 'l2hostility', Expected range: '[1.20.1-81-FORGE,)', Actual version: '[MISSING]'
	Mod ID: 'cloth_config', Requested by: 'bettercombat', Expected range: '[11.0.0,)', Actual version: '[MISSING]'
	Mod ID: 'playeranimator', Requested by: 'celestisynth', Expected range: '[1,)', Actual version: '[MISSING]'
	Mod ID: 'playeranimator', Requested by: 'bettercombat', Expected range: '[1,)', Actual version: '[MISSING]'
	Mod ID: 'l2complements', Requested by: 'l2hostility', Expected range: '[2.6.1,)', Actual version: '[MISSING]'
	Mod ID: 'goety', Requested by: 'goety_revelation', Expected range: '[2.5.46.1,)', Actual version: '[MISSING]'
